2025/03/09 02:31:53 [emerg] 1#1: "fastcgi_cache_path" directive is not allowed here in /etc/nginx/conf.d/default.conf:89
2025/03/09 02:31:53 [emerg] 1#1: "fastcgi_cache_path" directive is not allowed here in /etc/nginx/conf.d/default.conf:89
2025/03/09 02:31:54 [emerg] 1#1: "fastcgi_cache_path" directive is not allowed here in /etc/nginx/conf.d/default.conf:89
2025/03/09 02:31:54 [emerg] 1#1: "fastcgi_cache_path" directive is not allowed here in /etc/nginx/conf.d/default.conf:89
2025/03/09 02:31:55 [emerg] 1#1: "fastcgi_cache_path" directive is not allowed here in /etc/nginx/conf.d/default.conf:89
2025/03/09 02:31:57 [emerg] 1#1: "fastcgi_cache_path" directive is not allowed here in /etc/nginx/conf.d/default.conf:89
2025/03/09 02:32:00 [emerg] 1#1: "fastcgi_cache_path" directive is not allowed here in /etc/nginx/conf.d/default.conf:89
2025/03/09 02:32:07 [emerg] 1#1: "fastcgi_cache_path" directive is not allowed here in /etc/nginx/conf.d/default.conf:89
2025/03/09 02:32:23 [emerg] 1#1: "fastcgi_cache_path" directive is not allowed here in /etc/nginx/conf.d/default.conf:89
2025/03/09 02:32:23 [emerg] 1#1: "fastcgi_cache_path" directive is not allowed here in /etc/nginx/conf.d/default.conf:89
2025/03/09 02:32:23 [emerg] 1#1: "fastcgi_cache_path" directive is not allowed here in /etc/nginx/conf.d/default.conf:89
2025/03/09 02:32:24 [emerg] 1#1: "fastcgi_cache_path" directive is not allowed here in /etc/nginx/conf.d/default.conf:89
2025/03/09 02:32:25 [emerg] 1#1: "fastcgi_cache_path" directive is not allowed here in /etc/nginx/conf.d/default.conf:89
2025/03/09 02:32:26 [emerg] 1#1: "fastcgi_cache_path" directive is not allowed here in /etc/nginx/conf.d/default.conf:89
2025/03/09 02:32:30 [emerg] 1#1: "fastcgi_cache_path" directive is not allowed here in /etc/nginx/conf.d/default.conf:89
2025/03/09 02:32:36 [emerg] 1#1: "fastcgi_cache_path" directive is not allowed here in /etc/nginx/conf.d/default.conf:89
2025/03/09 02:32:49 [emerg] 1#1: "fastcgi_cache_path" directive is not allowed here in /etc/nginx/conf.d/default.conf:89
2025/03/09 02:33:15 [emerg] 1#1: "fastcgi_cache_path" directive is not allowed here in /etc/nginx/conf.d/default.conf:89
2025/03/09 02:34:06 [emerg] 1#1: "fastcgi_cache_path" directive is not allowed here in /etc/nginx/conf.d/default.conf:89
2025/03/09 02:35:06 [emerg] 1#1: "fastcgi_cache_path" directive is not allowed here in /etc/nginx/conf.d/default.conf:89
2025/03/09 02:36:06 [emerg] 1#1: "fastcgi_cache_path" directive is not allowed here in /etc/nginx/conf.d/default.conf:89
2025/03/09 02:37:07 [emerg] 1#1: "fastcgi_cache_path" directive is not allowed here in /etc/nginx/conf.d/default.conf:89
2025/03/09 02:38:07 [emerg] 1#1: "fastcgi_cache_path" directive is not allowed here in /etc/nginx/conf.d/default.conf:89
2025/03/09 02:39:07 [emerg] 1#1: "fastcgi_cache_path" directive is not allowed here in /etc/nginx/conf.d/default.conf:89
2025/03/09 02:40:07 [emerg] 1#1: "fastcgi_cache_path" directive is not allowed here in /etc/nginx/conf.d/default.conf:89
2025/03/09 02:41:07 [emerg] 1#1: "fastcgi_cache_path" directive is not allowed here in /etc/nginx/conf.d/default.conf:89
2025/03/09 02:42:07 [emerg] 1#1: "fastcgi_cache_path" directive is not allowed here in /etc/nginx/conf.d/default.conf:89
2025/03/09 02:43:07 [emerg] 1#1: "fastcgi_cache_path" directive is not allowed here in /etc/nginx/conf.d/default.conf:89
2025/03/09 02:44:08 [emerg] 1#1: "fastcgi_cache_path" directive is not allowed here in /etc/nginx/conf.d/default.conf:89
2025/03/09 02:45:08 [emerg] 1#1: "fastcgi_cache_path" directive is not allowed here in /etc/nginx/conf.d/default.conf:89
2025/03/09 02:53:35 [emerg] 1#1: "fastcgi_cache_path" directive is not allowed here in /etc/nginx/conf.d/default.conf:89
2025/03/09 02:55:24 [emerg] 1#1: "fastcgi_cache_path" directive is not allowed here in /etc/nginx/conf.d/default.conf:89
2025/03/09 02:56:24 [emerg] 1#1: "fastcgi_cache_path" directive is not allowed here in /etc/nginx/conf.d/default.conf:89
2025/03/09 02:57:24 [emerg] 1#1: "fastcgi_cache_path" directive is not allowed here in /etc/nginx/conf.d/default.conf:89
2025/03/09 02:58:25 [emerg] 1#1: "fastcgi_cache_path" directive is not allowed here in /etc/nginx/conf.d/default.conf:89
2025/03/09 02:59:25 [emerg] 1#1: "http" directive is not allowed here in /etc/nginx/conf.d/default.conf:1
2025/03/09 03:00:25 [emerg] 1#1: "http" directive is not allowed here in /etc/nginx/conf.d/default.conf:1
2025/03/09 03:01:25 [emerg] 1#1: "http" directive is not allowed here in /etc/nginx/conf.d/default.conf:1
2025/03/09 03:02:25 [emerg] 1#1: "http" directive is not allowed here in /etc/nginx/conf.d/default.conf:1
2025/03/09 03:03:25 [emerg] 1#1: "http" directive is not allowed here in /etc/nginx/conf.d/default.conf:1
2025/03/09 03:04:26 [emerg] 1#1: "http" directive is not allowed here in /etc/nginx/conf.d/default.conf:1
2025/03/09 03:05:26 [emerg] 1#1: "http" directive is not allowed here in /etc/nginx/conf.d/default.conf:1
2025/03/09 03:05:48 [notice] 1#1: using the "epoll" event method
2025/03/09 03:05:48 [notice] 1#1: nginx/1.26.3
2025/03/09 03:05:48 [notice] 1#1: built by gcc 13.2.1 20240309 (Alpine 13.2.1_git20240309) 
2025/03/09 03:05:48 [notice] 1#1: OS: Linux 6.10.14-linuxkit
2025/03/09 03:05:48 [notice] 1#1: getrlimit(RLIMIT_NOFILE): 1048576:1048576
2025/03/09 03:05:48 [notice] 1#1: start worker processes
2025/03/09 03:05:48 [notice] 1#1: start worker process 20
2025/03/09 03:05:48 [notice] 1#1: start worker process 21
2025/03/09 03:05:48 [notice] 1#1: start worker process 22
2025/03/09 03:05:48 [notice] 1#1: start worker process 23
2025/03/09 03:05:48 [notice] 1#1: start worker process 24
2025/03/09 03:05:48 [notice] 1#1: start worker process 25
2025/03/09 03:05:48 [notice] 1#1: start worker process 26
2025/03/09 03:05:48 [notice] 1#1: start worker process 27
2025/03/09 03:05:48 [notice] 1#1: start worker process 28
2025/03/09 03:05:48 [notice] 1#1: start worker process 29
2025/03/09 03:05:48 [notice] 1#1: start worker process 30
2025/03/09 03:05:48 [notice] 1#1: start worker process 31
2025/03/09 03:07:13 [notice] 1#1: signal 3 (SIGQUIT) received, shutting down
2025/03/09 03:07:13 [notice] 21#21: gracefully shutting down
2025/03/09 03:07:13 [notice] 21#21: exiting
2025/03/09 03:07:13 [notice] 20#20: gracefully shutting down
2025/03/09 03:07:13 [notice] 20#20: exiting
2025/03/09 03:07:13 [notice] 22#22: gracefully shutting down
2025/03/09 03:07:13 [notice] 22#22: exiting
2025/03/09 03:07:13 [notice] 28#28: gracefully shutting down
2025/03/09 03:07:13 [notice] 28#28: exiting
2025/03/09 03:07:13 [notice] 31#31: gracefully shutting down
2025/03/09 03:07:13 [notice] 31#31: exiting
2025/03/09 03:07:13 [notice] 29#29: gracefully shutting down
2025/03/09 03:07:13 [notice] 29#29: exiting
2025/03/09 03:07:13 [notice] 25#25: gracefully shutting down
2025/03/09 03:07:13 [notice] 25#25: exiting
2025/03/09 03:07:13 [notice] 27#27: gracefully shutting down
2025/03/09 03:07:13 [notice] 27#27: exiting
2025/03/09 03:07:13 [notice] 23#23: gracefully shutting down
2025/03/09 03:07:13 [notice] 23#23: exiting
2025/03/09 03:07:13 [notice] 24#24: gracefully shutting down
2025/03/09 03:07:13 [notice] 23#23: exit
2025/03/09 03:07:13 [notice] 26#26: gracefully shutting down
2025/03/09 03:07:13 [notice] 26#26: exiting
2025/03/09 03:07:13 [notice] 30#30: gracefully shutting down
2025/03/09 03:07:13 [notice] 30#30: exiting
2025/03/09 03:07:13 [notice] 21#21: exit
2025/03/09 03:07:13 [notice] 30#30: exit
2025/03/09 03:07:13 [notice] 20#20: exit
2025/03/09 03:07:13 [notice] 22#22: exit
2025/03/09 03:07:13 [notice] 28#28: exit
2025/03/09 03:07:13 [notice] 31#31: exit
2025/03/09 03:07:13 [notice] 29#29: exit
2025/03/09 03:07:13 [notice] 25#25: exit
2025/03/09 03:07:13 [notice] 27#27: exit
2025/03/09 03:07:13 [notice] 24#24: exiting
2025/03/09 03:07:13 [notice] 26#26: exit
2025/03/09 03:07:13 [notice] 24#24: exit
2025/03/09 03:07:13 [notice] 1#1: signal 17 (SIGCHLD) received from 23
2025/03/09 03:07:13 [notice] 1#1: worker process 23 exited with code 0
2025/03/09 03:07:13 [notice] 1#1: worker process 26 exited with code 0
2025/03/09 03:07:13 [notice] 1#1: worker process 29 exited with code 0
2025/03/09 03:07:13 [notice] 1#1: worker process 30 exited with code 0
2025/03/09 03:07:13 [notice] 1#1: signal 29 (SIGIO) received
2025/03/09 03:07:13 [notice] 1#1: signal 17 (SIGCHLD) received from 26
2025/03/09 03:07:13 [notice] 1#1: signal 17 (SIGCHLD) received from 31
2025/03/09 03:07:13 [notice] 1#1: worker process 20 exited with code 0
2025/03/09 03:07:13 [notice] 1#1: worker process 21 exited with code 0
2025/03/09 03:07:13 [notice] 1#1: worker process 22 exited with code 0
2025/03/09 03:07:13 [notice] 1#1: worker process 24 exited with code 0
2025/03/09 03:07:13 [notice] 1#1: worker process 25 exited with code 0
2025/03/09 03:07:13 [notice] 1#1: worker process 27 exited with code 0
2025/03/09 03:07:13 [notice] 1#1: worker process 28 exited with code 0
2025/03/09 03:07:13 [notice] 1#1: worker process 31 exited with code 0
2025/03/09 03:07:13 [notice] 1#1: exit
2025/03/09 03:07:15 [notice] 1#1: using the "epoll" event method
2025/03/09 03:07:15 [notice] 1#1: nginx/1.26.3
2025/03/09 03:07:15 [notice] 1#1: built by gcc 13.2.1 20240309 (Alpine 13.2.1_git20240309) 
2025/03/09 03:07:15 [notice] 1#1: OS: Linux 6.10.14-linuxkit
2025/03/09 03:07:15 [notice] 1#1: getrlimit(RLIMIT_NOFILE): 1048576:1048576
2025/03/09 03:07:15 [notice] 1#1: start worker processes
2025/03/09 03:07:15 [notice] 1#1: start worker process 20
2025/03/09 03:07:15 [notice] 1#1: start worker process 21
2025/03/09 03:07:15 [notice] 1#1: start worker process 22
2025/03/09 03:07:15 [notice] 1#1: start worker process 23
2025/03/09 03:07:15 [notice] 1#1: start worker process 24
2025/03/09 03:07:15 [notice] 1#1: start worker process 25
2025/03/09 03:07:15 [notice] 1#1: start worker process 26
2025/03/09 03:07:15 [notice] 1#1: start worker process 27
2025/03/09 03:07:15 [notice] 1#1: start worker process 28
2025/03/09 03:07:15 [notice] 1#1: start worker process 29
2025/03/09 03:07:15 [notice] 1#1: start worker process 30
2025/03/09 03:07:15 [notice] 1#1: start worker process 31
2025/03/09 03:10:07 [notice] 1#1: signal 3 (SIGQUIT) received, shutting down
2025/03/09 03:10:07 [notice] 20#20: gracefully shutting down
2025/03/09 03:10:07 [notice] 20#20: exiting
2025/03/09 03:10:07 [notice] 25#25: gracefully shutting down
2025/03/09 03:10:07 [notice] 26#26: gracefully shutting down
2025/03/09 03:10:07 [notice] 27#27: gracefully shutting down
2025/03/09 03:10:07 [notice] 30#30: gracefully shutting down
2025/03/09 03:10:07 [notice] 30#30: exiting
2025/03/09 03:10:07 [notice] 24#24: gracefully shutting down
2025/03/09 03:10:07 [notice] 24#24: exiting
2025/03/09 03:10:07 [notice] 22#22: gracefully shutting down
2025/03/09 03:10:07 [notice] 22#22: exiting
2025/03/09 03:10:07 [notice] 23#23: gracefully shutting down
2025/03/09 03:10:07 [notice] 23#23: exiting
2025/03/09 03:10:07 [notice] 31#31: gracefully shutting down
2025/03/09 03:10:07 [notice] 31#31: exiting
2025/03/09 03:10:07 [notice] 28#28: gracefully shutting down
2025/03/09 03:10:07 [notice] 31#31: exit
2025/03/09 03:10:07 [notice] 21#21: gracefully shutting down
2025/03/09 03:10:07 [notice] 21#21: exiting
2025/03/09 03:10:07 [notice] 29#29: gracefully shutting down
2025/03/09 03:10:07 [notice] 29#29: exiting
2025/03/09 03:10:07 [notice] 20#20: exit
2025/03/09 03:10:07 [notice] 25#25: exiting
2025/03/09 03:10:07 [notice] 26#26: exiting
2025/03/09 03:10:07 [notice] 27#27: exiting
2025/03/09 03:10:07 [notice] 30#30: exit
2025/03/09 03:10:07 [notice] 24#24: exit
2025/03/09 03:10:07 [notice] 22#22: exit
2025/03/09 03:10:07 [notice] 23#23: exit
2025/03/09 03:10:07 [notice] 28#28: exiting
2025/03/09 03:10:07 [notice] 21#21: exit
2025/03/09 03:10:07 [notice] 29#29: exit
2025/03/09 03:10:07 [notice] 25#25: exit
2025/03/09 03:10:07 [notice] 26#26: exit
2025/03/09 03:10:07 [notice] 27#27: exit
2025/03/09 03:10:07 [notice] 28#28: exit
2025/03/09 03:10:07 [notice] 1#1: signal 17 (SIGCHLD) received from 29
2025/03/09 03:10:07 [notice] 1#1: worker process 22 exited with code 0
2025/03/09 03:10:07 [notice] 1#1: worker process 20 exited with code 0
2025/03/09 03:10:07 [notice] 1#1: worker process 24 exited with code 0
2025/03/09 03:10:07 [notice] 1#1: worker process 25 exited with code 0
2025/03/09 03:10:07 [notice] 1#1: worker process 26 exited with code 0
2025/03/09 03:10:07 [notice] 1#1: worker process 27 exited with code 0
2025/03/09 03:10:07 [notice] 1#1: worker process 28 exited with code 0
2025/03/09 03:10:07 [notice] 1#1: worker process 29 exited with code 0
2025/03/09 03:10:07 [notice] 1#1: worker process 30 exited with code 0
2025/03/09 03:10:07 [notice] 1#1: worker process 31 exited with code 0
2025/03/09 03:10:07 [notice] 1#1: signal 29 (SIGIO) received
2025/03/09 03:10:07 [notice] 1#1: signal 17 (SIGCHLD) received from 27
2025/03/09 03:10:07 [notice] 1#1: signal 17 (SIGCHLD) received from 21
2025/03/09 03:10:07 [notice] 1#1: worker process 21 exited with code 0
2025/03/09 03:10:07 [notice] 1#1: worker process 23 exited with code 0
2025/03/09 03:10:07 [notice] 1#1: exit
2025/03/09 03:10:09 [notice] 1#1: using the "epoll" event method
2025/03/09 03:10:09 [notice] 1#1: nginx/1.26.3
2025/03/09 03:10:09 [notice] 1#1: built by gcc 13.2.1 20240309 (Alpine 13.2.1_git20240309) 
2025/03/09 03:10:09 [notice] 1#1: OS: Linux 6.10.14-linuxkit
2025/03/09 03:10:09 [notice] 1#1: getrlimit(RLIMIT_NOFILE): 1048576:1048576
2025/03/09 03:10:09 [notice] 1#1: start worker processes
2025/03/09 03:10:09 [notice] 1#1: start worker process 29
2025/03/09 03:10:09 [notice] 1#1: start worker process 30
2025/03/09 03:10:09 [notice] 1#1: start worker process 31
2025/03/09 03:10:09 [notice] 1#1: start worker process 32
2025/03/09 03:10:09 [notice] 1#1: start worker process 33
2025/03/09 03:10:09 [notice] 1#1: start worker process 34
2025/03/09 03:10:09 [notice] 1#1: start worker process 35
2025/03/09 03:10:09 [notice] 1#1: start worker process 36
2025/03/09 03:10:09 [notice] 1#1: start worker process 37
2025/03/09 03:10:09 [notice] 1#1: start worker process 38
2025/03/09 03:10:09 [notice] 1#1: start worker process 39
2025/03/09 03:10:09 [notice] 1#1: start worker process 40
2025/03/09 03:15:36 [notice] 1#1: signal 3 (SIGQUIT) received, shutting down
2025/03/09 03:15:36 [notice] 30#30: gracefully shutting down
2025/03/09 03:15:36 [notice] 31#31: gracefully shutting down
2025/03/09 03:15:36 [notice] 37#37: gracefully shutting down
2025/03/09 03:15:36 [notice] 29#29: gracefully shutting down
2025/03/09 03:15:36 [notice] 33#33: gracefully shutting down
2025/03/09 03:15:36 [notice] 36#36: gracefully shutting down
2025/03/09 03:15:36 [notice] 34#34: gracefully shutting down
2025/03/09 03:15:36 [notice] 32#32: gracefully shutting down
2025/03/09 03:15:36 [notice] 39#39: gracefully shutting down
2025/03/09 03:15:36 [notice] 38#38: gracefully shutting down
2025/03/09 03:15:36 [notice] 39#39: exiting
2025/03/09 03:15:36 [notice] 40#40: gracefully shutting down
2025/03/09 03:15:36 [notice] 35#35: gracefully shutting down
2025/03/09 03:15:36 [notice] 40#40: exiting
2025/03/09 03:15:36 [notice] 30#30: exiting
2025/03/09 03:15:36 [notice] 31#31: exiting
2025/03/09 03:15:36 [notice] 37#37: exiting
2025/03/09 03:15:36 [notice] 29#29: exiting
2025/03/09 03:15:36 [notice] 37#37: exit
2025/03/09 03:15:36 [notice] 33#33: exiting
2025/03/09 03:15:36 [notice] 36#36: exiting
2025/03/09 03:15:36 [notice] 33#33: exit
2025/03/09 03:15:36 [notice] 34#34: exiting
2025/03/09 03:15:36 [notice] 32#32: exiting
2025/03/09 03:15:36 [notice] 38#38: exiting
2025/03/09 03:15:36 [notice] 39#39: exit
2025/03/09 03:15:36 [notice] 35#35: exiting
2025/03/09 03:15:36 [notice] 40#40: exit
2025/03/09 03:15:36 [notice] 35#35: exit
2025/03/09 03:15:36 [notice] 30#30: exit
2025/03/09 03:15:36 [notice] 31#31: exit
2025/03/09 03:15:36 [notice] 29#29: exit
2025/03/09 03:15:36 [notice] 36#36: exit
2025/03/09 03:15:36 [notice] 34#34: exit
2025/03/09 03:15:36 [notice] 32#32: exit
2025/03/09 03:15:36 [notice] 38#38: exit
2025/03/09 03:15:37 [notice] 1#1: signal 17 (SIGCHLD) received from 40
2025/03/09 03:15:37 [notice] 1#1: worker process 30 exited with code 0
2025/03/09 03:15:37 [notice] 1#1: worker process 31 exited with code 0
2025/03/09 03:15:37 [notice] 1#1: worker process 33 exited with code 0
2025/03/09 03:15:37 [notice] 1#1: worker process 34 exited with code 0
2025/03/09 03:15:37 [notice] 1#1: worker process 40 exited with code 0
2025/03/09 03:15:37 [notice] 1#1: signal 29 (SIGIO) received
2025/03/09 03:15:37 [notice] 1#1: signal 17 (SIGCHLD) received from 30
2025/03/09 03:15:37 [notice] 1#1: signal 17 (SIGCHLD) received from 35
2025/03/09 03:15:37 [notice] 1#1: worker process 32 exited with code 0
2025/03/09 03:15:37 [notice] 1#1: worker process 35 exited with code 0
2025/03/09 03:15:37 [notice] 1#1: worker process 29 exited with code 0
2025/03/09 03:15:37 [notice] 1#1: worker process 36 exited with code 0
2025/03/09 03:15:37 [notice] 1#1: worker process 37 exited with code 0
2025/03/09 03:15:37 [notice] 1#1: worker process 38 exited with code 0
2025/03/09 03:15:37 [notice] 1#1: worker process 39 exited with code 0
2025/03/09 03:15:37 [notice] 1#1: exit
2025/03/09 03:25:21 [notice] 1#1: using the "epoll" event method
2025/03/09 03:25:21 [notice] 1#1: nginx/1.26.3
2025/03/09 03:25:21 [notice] 1#1: built by gcc 13.2.1 20240309 (Alpine 13.2.1_git20240309) 
2025/03/09 03:25:21 [notice] 1#1: OS: Linux 6.10.14-linuxkit
2025/03/09 03:25:21 [notice] 1#1: getrlimit(RLIMIT_NOFILE): 1048576:1048576
2025/03/09 03:25:21 [notice] 1#1: start worker processes
2025/03/09 03:25:21 [notice] 1#1: start worker process 29
2025/03/09 03:25:21 [notice] 1#1: start worker process 30
2025/03/09 03:25:21 [notice] 1#1: start worker process 31
2025/03/09 03:25:21 [notice] 1#1: start worker process 32
2025/03/09 03:25:21 [notice] 1#1: start worker process 33
2025/03/09 03:25:21 [notice] 1#1: start worker process 34
2025/03/09 03:25:21 [notice] 1#1: start worker process 35
2025/03/09 03:25:21 [notice] 1#1: start worker process 36
2025/03/09 03:25:21 [notice] 1#1: start worker process 37
2025/03/09 03:25:21 [notice] 1#1: start worker process 38
2025/03/09 03:25:21 [notice] 1#1: start worker process 39
2025/03/09 03:25:21 [notice] 1#1: start worker process 40
2025/03/09 03:27:42 [notice] 1#1: signal 3 (SIGQUIT) received, shutting down
2025/03/09 03:27:42 [notice] 32#32: gracefully shutting down
2025/03/09 03:27:42 [notice] 32#32: exiting
2025/03/09 03:27:42 [notice] 31#31: gracefully shutting down
2025/03/09 03:27:42 [notice] 31#31: exiting
2025/03/09 03:27:42 [notice] 33#33: gracefully shutting down
2025/03/09 03:27:42 [notice] 31#31: exit
2025/03/09 03:27:42 [notice] 30#30: gracefully shutting down
2025/03/09 03:27:42 [notice] 30#30: exiting
2025/03/09 03:27:42 [notice] 35#35: gracefully shutting down
2025/03/09 03:27:42 [notice] 30#30: exit
2025/03/09 03:27:42 [notice] 37#37: gracefully shutting down
2025/03/09 03:27:42 [notice] 37#37: exiting
2025/03/09 03:27:42 [notice] 29#29: gracefully shutting down
2025/03/09 03:27:42 [notice] 37#37: exit
2025/03/09 03:27:42 [notice] 36#36: gracefully shutting down
2025/03/09 03:27:42 [notice] 36#36: exiting
2025/03/09 03:27:42 [notice] 34#34: gracefully shutting down
2025/03/09 03:27:42 [notice] 34#34: exiting
2025/03/09 03:27:42 [notice] 38#38: gracefully shutting down
2025/03/09 03:27:42 [notice] 34#34: exit
2025/03/09 03:27:42 [notice] 40#40: gracefully shutting down
2025/03/09 03:27:42 [notice] 40#40: exiting
2025/03/09 03:27:42 [notice] 39#39: gracefully shutting down
2025/03/09 03:27:42 [notice] 40#40: exit
2025/03/09 03:27:42 [notice] 32#32: exit
2025/03/09 03:27:42 [notice] 33#33: exiting
2025/03/09 03:27:42 [notice] 35#35: exiting
2025/03/09 03:27:42 [notice] 29#29: exiting
2025/03/09 03:27:42 [notice] 35#35: exit
2025/03/09 03:27:42 [notice] 36#36: exit
2025/03/09 03:27:42 [notice] 38#38: exiting
2025/03/09 03:27:42 [notice] 39#39: exiting
2025/03/09 03:27:42 [notice] 38#38: exit
2025/03/09 03:27:42 [notice] 33#33: exit
2025/03/09 03:27:42 [notice] 29#29: exit
2025/03/09 03:27:42 [notice] 39#39: exit
2025/03/09 03:27:42 [notice] 1#1: signal 17 (SIGCHLD) received from 37
2025/03/09 03:27:42 [notice] 1#1: worker process 37 exited with code 0
2025/03/09 03:27:42 [notice] 1#1: signal 29 (SIGIO) received
2025/03/09 03:27:42 [notice] 1#1: signal 17 (SIGCHLD) received from 30
2025/03/09 03:27:42 [notice] 1#1: worker process 29 exited with code 0
2025/03/09 03:27:42 [notice] 1#1: worker process 30 exited with code 0
2025/03/09 03:27:42 [notice] 1#1: worker process 31 exited with code 0
2025/03/09 03:27:42 [notice] 1#1: worker process 32 exited with code 0
2025/03/09 03:27:42 [notice] 1#1: worker process 33 exited with code 0
2025/03/09 03:27:42 [notice] 1#1: worker process 34 exited with code 0
2025/03/09 03:27:42 [notice] 1#1: worker process 35 exited with code 0
2025/03/09 03:27:42 [notice] 1#1: worker process 38 exited with code 0
2025/03/09 03:27:42 [notice] 1#1: worker process 40 exited with code 0
2025/03/09 03:27:42 [notice] 1#1: signal 29 (SIGIO) received
2025/03/09 03:27:42 [notice] 1#1: signal 17 (SIGCHLD) received from 31
2025/03/09 03:27:42 [notice] 1#1: signal 17 (SIGCHLD) received from 39
2025/03/09 03:27:42 [notice] 1#1: worker process 36 exited with code 0
2025/03/09 03:27:42 [notice] 1#1: worker process 39 exited with code 0
2025/03/09 03:27:42 [notice] 1#1: exit
2025/03/09 03:29:11 [notice] 1#1: using the "epoll" event method
2025/03/09 03:29:11 [notice] 1#1: nginx/1.26.3
2025/03/09 03:29:11 [notice] 1#1: built by gcc 13.2.1 20240309 (Alpine 13.2.1_git20240309) 
2025/03/09 03:29:11 [notice] 1#1: OS: Linux 6.10.14-linuxkit
2025/03/09 03:29:11 [notice] 1#1: getrlimit(RLIMIT_NOFILE): 1048576:1048576
2025/03/09 03:29:11 [notice] 1#1: start worker processes
2025/03/09 03:29:11 [notice] 1#1: start worker process 29
2025/03/09 03:29:11 [notice] 1#1: start worker process 30
2025/03/09 03:29:11 [notice] 1#1: start worker process 31
2025/03/09 03:29:11 [notice] 1#1: start worker process 32
2025/03/09 03:29:11 [notice] 1#1: start worker process 33
2025/03/09 03:29:11 [notice] 1#1: start worker process 34
2025/03/09 03:29:11 [notice] 1#1: start worker process 35
2025/03/09 03:29:11 [notice] 1#1: start worker process 36
2025/03/09 03:29:11 [notice] 1#1: start worker process 37
2025/03/09 03:29:11 [notice] 1#1: start worker process 38
2025/03/09 03:29:11 [notice] 1#1: start worker process 39
2025/03/09 03:29:11 [notice] 1#1: start worker process 40
2025/03/09 03:33:55 [notice] 1#1: signal 3 (SIGQUIT) received, shutting down
2025/03/09 03:33:55 [notice] 30#30: gracefully shutting down
2025/03/09 03:33:55 [notice] 30#30: exiting
2025/03/09 03:33:55 [notice] 37#37: gracefully shutting down
2025/03/09 03:33:55 [notice] 37#37: exiting
2025/03/09 03:33:55 [notice] 36#36: gracefully shutting down
2025/03/09 03:33:55 [notice] 29#29: gracefully shutting down
2025/03/09 03:33:55 [notice] 29#29: exiting
2025/03/09 03:33:55 [notice] 38#38: gracefully shutting down
2025/03/09 03:33:55 [notice] 29#29: exit
2025/03/09 03:33:55 [notice] 31#31: gracefully shutting down
2025/03/09 03:33:55 [notice] 31#31: exiting
2025/03/09 03:33:55 [notice] 32#32: gracefully shutting down
2025/03/09 03:33:55 [notice] 31#31: exit
2025/03/09 03:33:55 [notice] 34#34: gracefully shutting down
2025/03/09 03:33:55 [notice] 34#34: exiting
2025/03/09 03:33:55 [notice] 35#35: gracefully shutting down
2025/03/09 03:33:55 [notice] 35#35: exiting
2025/03/09 03:33:55 [notice] 40#40: gracefully shutting down
2025/03/09 03:33:55 [notice] 40#40: exiting
2025/03/09 03:33:55 [notice] 33#33: gracefully shutting down
2025/03/09 03:33:55 [notice] 33#33: exiting
2025/03/09 03:33:55 [notice] 39#39: gracefully shutting down
2025/03/09 03:33:55 [notice] 33#33: exit
2025/03/09 03:33:55 [notice] 30#30: exit
2025/03/09 03:33:55 [notice] 37#37: exit
2025/03/09 03:33:55 [notice] 36#36: exiting
2025/03/09 03:33:55 [notice] 38#38: exiting
2025/03/09 03:33:55 [notice] 32#32: exiting
2025/03/09 03:33:55 [notice] 38#38: exit
2025/03/09 03:33:55 [notice] 34#34: exit
2025/03/09 03:33:55 [notice] 35#35: exit
2025/03/09 03:33:55 [notice] 40#40: exit
2025/03/09 03:33:55 [notice] 39#39: exiting
2025/03/09 03:33:55 [notice] 36#36: exit
2025/03/09 03:33:55 [notice] 39#39: exit
2025/03/09 03:33:55 [notice] 32#32: exit
2025/03/09 03:33:56 [notice] 1#1: signal 17 (SIGCHLD) received from 33
2025/03/09 03:33:56 [notice] 1#1: worker process 33 exited with code 0
2025/03/09 03:33:56 [notice] 1#1: worker process 35 exited with code 0
2025/03/09 03:33:56 [notice] 1#1: worker process 37 exited with code 0
2025/03/09 03:33:56 [notice] 1#1: signal 29 (SIGIO) received
2025/03/09 03:33:56 [notice] 1#1: signal 17 (SIGCHLD) received from 29
2025/03/09 03:33:56 [notice] 1#1: worker process 29 exited with code 0
2025/03/09 03:33:56 [notice] 1#1: worker process 30 exited with code 0
2025/03/09 03:33:56 [notice] 1#1: worker process 31 exited with code 0
2025/03/09 03:33:56 [notice] 1#1: worker process 32 exited with code 0
2025/03/09 03:33:56 [notice] 1#1: worker process 34 exited with code 0
2025/03/09 03:33:56 [notice] 1#1: worker process 36 exited with code 0
2025/03/09 03:33:56 [notice] 1#1: worker process 38 exited with code 0
2025/03/09 03:33:56 [notice] 1#1: worker process 39 exited with code 0
2025/03/09 03:33:56 [notice] 1#1: worker process 40 exited with code 0
2025/03/09 03:33:56 [notice] 1#1: exit
